  pch.cpp
  Rectangle.cpp
  enemyGui.cpp
C:\Users\Andre\source\repos\IntroToGameFinal\Source\enemyGui.cpp(20,29): warning C4244: '=': conversion from 'float' to 'int', possible loss of data
C:\Users\Andre\source\repos\IntroToGameFinal\Source\enemyGui.cpp(22,25): warning C4244: '=': conversion from 'float' to 'int', possible loss of data
C:\Users\Andre\source\repos\IntroToGameFinal\Source\enemyGui.cpp(42,44): warning C4244: '=': conversion from 'float' to 'int', possible loss of data
C:\Users\Andre\source\repos\IntroToGameFinal\Source\enemyGui.cpp(42,91): warning C4244: '=': conversion from 'float' to 'int', possible loss of data
C:\Users\Andre\source\repos\IntroToGameFinal\Source\enemyGui.cpp(45,44): warning C4244: '=': conversion from 'float' to 'int', possible loss of data
C:\Users\Andre\source\repos\IntroToGameFinal\Source\enemyGui.cpp(45,91): warning C4244: '=': conversion from 'float' to 'int', possible loss of data
C:\Program Files (x86)\Microsoft Visual Studio\2019\Community\VC\Tools\MSVC\14.29.30133\include\memory(3416,56): warning C4244: 'argument': conversion from '_Ty' to 'int', possible loss of data
          with
          [
              _Ty=float
          ]
C:\Users\Andre\source\repos\IntroToGameFinal\Source\enemyGui.cpp(33): message : see reference to function template instantiation 'std::unique_ptr<rectangle,std::default_delete<rectangle>> std::make_unique<rectangle,int,int,int&,float,SDL_Surface*&,int,int,int,0>(int &&,int &&,int &,float &&,SDL_Surface *&,int &&,int &&,int &&)' being compiled
  PlayerGui.cpp
  TextDevice.cpp
  jumpPlayer.cpp
C:\Users\Andre\source\repos\IntroToGameFinal\Source\Task.h(30): warning C4091: 'static ': ignored on left of 'Task::STATUS' when no variable is declared
C:\Users\Andre\source\repos\IntroToGameFinal\Source\jumpPlayer.cpp(14,23): warning C4244: 'argument': conversion from 'float' to 'Uint32', possible loss of data
  EngineData.cpp
  attackPlayer.cpp
C:\Users\Andre\source\repos\IntroToGameFinal\Source\Task.h(30): warning C4091: 'static ': ignored on left of 'Task::STATUS' when no variable is declared
  AttributeComponent.cpp
C:\Users\Andre\source\repos\IntroToGameFinal\Source\AttributeComponent.cpp(92,24): warning C4244: '=': conversion from 'int' to 'float', possible loss of data
  AudioDevice.cpp
  BehaviorTree.cpp
C:\Users\Andre\source\repos\IntroToGameFinal\Source\Task.h(30): warning C4091: 'static ': ignored on left of 'Task::STATUS' when no variable is declared
  Blackboard.cpp
  BodyComponent.cpp
  BranchTask.cpp
C:\Users\Andre\source\repos\IntroToGameFinal\Source\Task.h(30): warning C4091: 'static ': ignored on left of 'Task::STATUS' when no variable is declared
C:\Users\Andre\source\repos\IntroToGameFinal\Source\BranchTask.cpp(21,12): warning C4018: '<': signed/unsigned mismatch
  CombatComponent.cpp
C:\Users\Andre\source\repos\IntroToGameFinal\Source\CombatComponent.cpp(37,16): warning C4552: '*': result of expression not used
  Component.cpp
  ContactListener.cpp
  enemyMovement.cpp
C:\Users\Andre\source\repos\IntroToGameFinal\Source\enemyMovement.cpp(16,23): warning C4244: 'argument': conversion from 'float' to 'Uint32', possible loss of data
  EnemySpawnerComponent.cpp
  enemyVisible.cpp
C:\Users\Andre\source\repos\IntroToGameFinal\Source\Task.h(30): warning C4091: 'static ': ignored on left of 'Task::STATUS' when no variable is declared
  Engine.cpp
C:\Users\Andre\source\repos\IntroToGameFinal\Source\Task.h(30): warning C4091: 'static ': ignored on left of 'Task::STATUS' when no variable is declared
C:\Users\Andre\source\repos\IntroToGameFinal\Source\Engine.cpp(324,27): warning C4018: '<': signed/unsigned mismatch
  Generating Code...
  Compiling...
  facePlayer.cpp
C:\Users\Andre\source\repos\IntroToGameFinal\Source\Task.h(30): warning C4091: 'static ': ignored on left of 'Task::STATUS' when no variable is declared
  GraphicsDevice.cpp
  healPlayer.cpp
C:\Users\Andre\source\repos\IntroToGameFinal\Source\Task.h(30): warning C4091: 'static ': ignored on left of 'Task::STATUS' when no variable is declared
  InputComponent.cpp
C:\Users\Andre\source\repos\IntroToGameFinal\Source\InputComponent.cpp(16,23): warning C4244: 'argument': conversion from 'float' to 'Uint32', possible loss of data
C:\Users\Andre\source\repos\IntroToGameFinal\Source\InputComponent.cpp(22,26): warning C4244: 'argument': conversion from 'float' to 'Uint32', possible loss of data
  InputDevice.cpp
  LeafTask.cpp
C:\Users\Andre\source\repos\IntroToGameFinal\Source\Task.h(30): warning C4091: 'static ': ignored on left of 'Task::STATUS' when no variable is declared
  Library.cpp
C:\Users\Andre\source\repos\IntroToGameFinal\Source\Library.cpp(51,121): warning C4244: 'argument': conversion from 'int64_t' to 'int', possible loss of data
  main.cpp
  Map.cpp
  NPC.cpp
C:\Users\Andre\source\repos\IntroToGameFinal\Source\Task.h(30): warning C4091: 'static ': ignored on left of 'Task::STATUS' when no variable is declared
  Object.cpp
  ObjectFactory.cpp
  PhysicsComponent.cpp
C:\Users\Andre\source\repos\IntroToGameFinal\Source\PhysicsComponent.cpp(20,26): warning C4244: 'argument': conversion from 'float' to 'Uint32', possible loss of data
C:\Users\Andre\source\repos\IntroToGameFinal\Source\PhysicsComponent.cpp(26,26): warning C4244: 'argument': conversion from 'float' to 'Uint32', possible loss of data
C:\Users\Andre\source\repos\IntroToGameFinal\Source\PhysicsComponent.cpp(113,109): warning C4244: 'argument': conversion from 'float' to 'int', possible loss of data
C:\Users\Andre\source\repos\IntroToGameFinal\Source\PhysicsComponent.cpp(113,75): warning C4244: 'argument': conversion from 'float' to 'int', possible loss of data
C:\Users\Andre\source\repos\IntroToGameFinal\Source\PhysicsComponent.cpp(116,109): warning C4244: 'argument': conversion from 'float' to 'int', possible loss of data
C:\Users\Andre\source\repos\IntroToGameFinal\Source\PhysicsComponent.cpp(116,75): warning C4244: 'argument': conversion from 'float' to 'int', possible loss of data
C:\Users\Andre\source\repos\IntroToGameFinal\Source\PhysicsComponent.cpp(120,24): warning C4244: '=': conversion from 'int' to 'float', possible loss of data
C:\Users\Andre\source\repos\IntroToGameFinal\Source\PhysicsComponent.cpp(131,15): warning C4305: '*=': truncation from 'double' to 'float'
C:\Users\Andre\source\repos\IntroToGameFinal\Source\PhysicsComponent.cpp(141,111): warning C4244: 'argument': conversion from 'float' to 'int', possible loss of data
C:\Users\Andre\source\repos\IntroToGameFinal\Source\PhysicsComponent.cpp(141,77): warning C4244: 'argument': conversion from 'float' to 'int', possible loss of data
C:\Users\Andre\source\repos\IntroToGameFinal\Source\PhysicsComponent.cpp(144,111): warning C4244: 'argument': conversion from 'float' to 'int', possible loss of data
C:\Users\Andre\source\repos\IntroToGameFinal\Source\PhysicsComponent.cpp(144,77): warning C4244: 'argument': conversion from 'float' to 'int', possible loss of data
  PhysicsDevice.cpp
  roaming.cpp
C:\Users\Andre\source\repos\IntroToGameFinal\Source\Task.h(30): warning C4091: 'static ': ignored on left of 'Task::STATUS' when no variable is declared
  Selector.cpp
C:\Users\Andre\source\repos\IntroToGameFinal\Source\Task.h(30): warning C4091: 'static ': ignored on left of 'Task::STATUS' when no variable is declared
C:\Users\Andre\source\repos\IntroToGameFinal\Source\Selector.cpp(34,14): warning C4018: '<': signed/unsigned mismatch
  Sequence.cpp
C:\Users\Andre\source\repos\IntroToGameFinal\Source\Task.h(30): warning C4091: 'static ': ignored on left of 'Task::STATUS' when no variable is declared
C:\Users\Andre\source\repos\IntroToGameFinal\Source\Sequence.cpp(31,14): warning C4018: '<': signed/unsigned mismatch
  SpriteComponent.cpp
  Task.cpp
C:\Users\Andre\source\repos\IntroToGameFinal\Source\Task.h(30): warning C4091: 'static ': ignored on left of 'Task::STATUS' when no variable is declared
  TextTag.cpp
C:\Users\Andre\source\repos\IntroToGameFinal\Source\TextTag.cpp(12,24): warning C4244: 'argument': conversion from 'float' to 'Uint32', possible loss of data
C:\Users\Andre\source\repos\IntroToGameFinal\Source\TextTag.cpp(24,25): warning C4244: '=': conversion from 'float' to 'int', possible loss of data
  Generating Code...
  Compiling...
  Texture.cpp
  Timer.cpp
  View.cpp
  tinyxml2.cpp
  Generating Code...
  IntroToGame.vcxproj -> C:\Users\Andre\source\repos\IntroToGameFinal\Game\IntroToGame.exe

Project Performance Summary:
     8128 ms  C:\Users\Andre\source\repos\IntroToGameFinal\IntroToGame.vcxproj   1 calls
               8128 ms  Rebuild                                    1 calls

Target Performance Summary:
        0 ms  _ClCompile                                 1 calls
        0 ms  AfterLink                                  1 calls
        0 ms  ComputeLinkSwitches                        1 calls
        0 ms  DoLinkOutputFilesMatch                     1 calls
        0 ms  MakeDirsForLink                            1 calls
        0 ms  PrepareResourceNames                       1 calls
        0 ms  CreateCustomManifestResourceNames          1 calls
        0 ms  AssignTargetPaths                          1 calls
        0 ms  ComputeManifestInputsTargets               1 calls
        0 ms  ComputeLinkInputsFromProject               1 calls
        0 ms  ComputeCLOutputs                           1 calls
        0 ms  ComputeManifestGeneratedLinkerInputs       1 calls
        0 ms  ComputeRCGeneratedLinkInputs               1 calls
        0 ms  _Link                                      1 calls
        0 ms  BeforeLink                                 1 calls
        0 ms  BuildLinkTraverse                          1 calls
        0 ms  BuildCompile                               1 calls
        0 ms  _BuildCompileAction                        1 calls
        0 ms  AfterBuildCompileEvent                     1 calls
        0 ms  _ResourceCompile                           1 calls
        0 ms  AfterResourceCompile                       1 calls
        0 ms  SelectResourceCompile                      1 calls
        0 ms  MakeDirsForResourceCompile                 1 calls
        0 ms  BeforeResourceCompile                      1 calls
        0 ms  AfterRebuild                               1 calls
        0 ms  AfterClCompile                             1 calls
        0 ms  MakeDirsForCl                              1 calls
        0 ms  ComputeLegacyManifestEmbedding             1 calls
        0 ms  GetReferencedVCProjectsInfo                1 calls
        0 ms  _ALink                                     1 calls
        0 ms  RegisterOutput                             1 calls
        0 ms  Build                                      1 calls
        0 ms  IncrementalClean                           1 calls
        0 ms  AfterBuild                                 1 calls
        0 ms  BuildLink                                  1 calls
        0 ms  _BuildLinkAction                           1 calls
        0 ms  PrepareForRun                              1 calls
        0 ms  CopyFilesToOutputDirectory                 1 calls
        0 ms  _CheckForCompileOutputs                    1 calls
        0 ms  _CopySourceItemsToOutputDirectory          1 calls
        0 ms  _GetCopyToOutputDirectoryItemsFromThisProject   1 calls
        0 ms  _GetCopyToOutputDirectoryItemsFromTransitiveProjectReferences   1 calls
        0 ms  GetCopyToOutputDirectoryXamlAppDefs        1 calls
        0 ms  _Manifest                                  1 calls
        0 ms  _PopulateCommonStateForGetCopyToOutputDirectoryItems   1 calls
        0 ms  _Appverifier                               1 calls
        0 ms  CreateSatelliteAssemblies                  1 calls
        0 ms  _GenerateSatelliteAssemblyInputs           1 calls
        0 ms  MakeDirsForFxc                             1 calls
        0 ms  SatelliteDllsProjectOutputGroup            1 calls
        0 ms  BuiltProjectOutputGroup                    1 calls
        0 ms  _BscMake                                   1 calls
        0 ms  MakeDirsForBscMake                         1 calls
        0 ms  ComputeCLCompileGeneratedSbrFiles          1 calls
        0 ms  _XdcMake                                   1 calls
        0 ms  ComputeCLCompileGeneratedXDCFiles          1 calls
        0 ms  ResolvedXDCMake                            1 calls
        0 ms  _Deploy                                    1 calls
        0 ms  FindReferenceAssembliesForReferences       1 calls
        0 ms  Rebuild                                    1 calls
        0 ms  BeforeClCompile                            1 calls
        0 ms  ExpandSDKReferences                        1 calls
        0 ms  ResolveSDKReferences                       1 calls
        0 ms  ComputeCLInputPDBName                      1 calls
        0 ms  GetResolvedWinMD                           1 calls
        0 ms  SetBuildDefaultEnvironmentVariables        1 calls
        0 ms  AddExternalIncludDirectoriesToPaths        1 calls
        0 ms  GetReferenceAssemblyPaths                  1 calls
        0 ms  GetFrameworkPaths                          1 calls
        0 ms  BeforeResolveReferences                    1 calls
        0 ms  _PrepareForReferenceResolution             1 calls
        0 ms  _PrepareForBuild                           1 calls
        0 ms  Clean                                      1 calls
        0 ms  CppClean                                   1 calls
        0 ms  PGInstrumentedClean                        1 calls
        0 ms  AfterCppClean                              1 calls
        0 ms  BeforeCppClean                             1 calls
        0 ms  AfterClean                                 1 calls
        0 ms  CleanPublishFolder                         1 calls
        0 ms  CleanReferencedProjects                    1 calls
        0 ms  PrepareProjectReferences                   1 calls
        0 ms  _AddOutputPathToGlobalPropertiesToRemove   1 calls
        0 ms  _SplitProjectReferencesByFileExistence     1 calls
        0 ms  AssignProjectConfiguration                 1 calls
        0 ms  BeforeClean                                1 calls
        0 ms  _PrepareForClean                           1 calls
        0 ms  BeforeRebuild                              1 calls
        0 ms  _PrepareForRebuild                         1 calls
        0 ms  ResolveAssemblyReferences                  1 calls
        0 ms  AfterResolveReferences                     1 calls
        0 ms  SetCABuildNativeEnvironmentVariables       1 calls
        0 ms  ResolveReferences                          1 calls
        0 ms  AfterMidl                                  1 calls
        0 ms  AfterBuildGenerateSourcesEvent             1 calls
        0 ms  ComputeMIDLGeneratedCompileInputs          1 calls
        0 ms  MakeDirsForMidl                            1 calls
        0 ms  _Xsd                                       1 calls
        0 ms  CopyFileToFolders                          1 calls
        0 ms  ComputeCustomBuildOutput                   1 calls
        0 ms  _BuildGenerateSourcesAction                1 calls
        0 ms  AfterBuildGenerateSources                  1 calls
        0 ms  _SelectedFiles                             1 calls
        0 ms  SelectCustomBuild                          1 calls
        0 ms  BeforeBuildGenerateSources                 1 calls
        0 ms  BuildCompileTraverse                       1 calls
        0 ms  BuildGenerateSourcesTraverse               1 calls
        0 ms  BuildGenerateSources                       1 calls
        0 ms  _Midl                                      1 calls
        1 ms  SetTelemetryEnvironmentVariables           1 calls
        1 ms  ComputeLinkImportLibraryOutputsForClean    1 calls
        1 ms  ComputeReferenceCLInput                    1 calls
        1 ms  ComputeRCOutputs                           1 calls
        1 ms  CustomBuild                                1 calls
        1 ms  ContentFilesProjectOutputGroup             1 calls
        1 ms  ComputeCLGeneratedLinkInputs               1 calls
        1 ms  GetCopyToOutputDirectoryItems              1 calls
        1 ms  FinalizeBuildStatus                        1 calls
        1 ms  SelectClCompile                            1 calls
        1 ms  CreateRecipeFile                           1 calls
        1 ms  SplitResourcesByCulture                    1 calls
        1 ms  ResolveProjectReferences                   1 calls
        1 ms  InitializeBuildStatus                      1 calls
        1 ms  _CheckWindowsSDKInstalled                  1 calls
        1 ms  _GetProjectReferenceTargetFrameworkProperties   1 calls
        1 ms  MakeDirsForXdcMake                         1 calls
        1 ms  PreLinkEvent                               1 calls
        1 ms  _CleanGetCurrentAndPriorFileWrites         1 calls
        1 ms  _CheckForInvalidConfigurationAndPlatform   1 calls
        2 ms  PrepareForBuild                            1 calls
        2 ms  CoreClean                                  1 calls
        5 ms  FixupCLCompileOptions                      1 calls
       10 ms  WarnCompileDuplicatedFilename              1 calls
       25 ms  CoreCppClean                               1 calls
      166 ms  ResourceCompile                            1 calls
      312 ms  Link                                       1 calls
      968 ms  PostBuildEvent                             1 calls
     2084 ms  PreBuildEvent                              1 calls
     4531 ms  ClCompile                                  1 calls

Task Performance Summary:
        0 ms  Message                                    3 calls
        0 ms  CreateItem                                 2 calls
        0 ms  AssignCulture                              1 calls
        0 ms  AssignTargetPath                           7 calls
        0 ms  GetOutOfDateItems                          3 calls
        0 ms  Touch                                      2 calls
        0 ms  MSBuild                                    1 calls
        0 ms  AssignProjectConfiguration                 1 calls
        0 ms  CheckVCToolsetVersion                      1 calls
        0 ms  MakeDir                                   12 calls
        0 ms  RemoveDuplicates                           3 calls
        0 ms  FindUnderPath                              7 calls
        0 ms  ConvertToAbsolutePath                      1 calls
        1 ms  SetEnv                                     9 calls
        1 ms  CallTarget                                 2 calls
        1 ms  GenerateDesktopDeployRecipe                1 calls
        1 ms  WriteLinesToFile                           3 calls
        1 ms  ReadLinesFromFile                          3 calls
        2 ms  Delete                                     7 calls
       24 ms  CppClean                                   1 calls
      166 ms  RC                                         1 calls
      309 ms  Link                                       1 calls
     3052 ms  Exec                                       2 calls
     4527 ms  CL                                         2 calls
