c:\users\andre\source\repos\introtogamefinal\temp\vc142.pdb
c:\users\andre\source\repos\introtogamefinal\temp\vc142.idb
c:\users\andre\source\repos\introtogamefinal\temp\object.obj
c:\users\andre\source\repos\introtogamefinal\temp\npc.obj
c:\users\andre\source\repos\introtogamefinal\temp\map.obj
c:\users\andre\source\repos\introtogamefinal\temp\library.obj
c:\users\andre\source\repos\introtogamefinal\temp\leaftask.obj
c:\users\andre\source\repos\introtogamefinal\temp\inputdevice.obj
c:\users\andre\source\repos\introtogamefinal\temp\inputcomponent.obj
c:\users\andre\source\repos\introtogamefinal\temp\graphicsdevice.obj
c:\users\andre\source\repos\introtogamefinal\temp\enginedata.obj
c:\users\andre\source\repos\introtogamefinal\temp\engine.obj
c:\users\andre\source\repos\introtogamefinal\temp\enemyspawnercomponent.obj
c:\users\andre\source\repos\introtogamefinal\temp\contactlistener.obj
c:\users\andre\source\repos\introtogamefinal\temp\component.obj
c:\users\andre\source\repos\introtogamefinal\temp\combatcomponent.obj
c:\users\andre\source\repos\introtogamefinal\temp\branchtask.obj
c:\users\andre\source\repos\introtogamefinal\temp\bodycomponent.obj
c:\users\andre\source\repos\introtogamefinal\temp\blackboard.obj
c:\users\andre\source\repos\introtogamefinal\temp\behaviortree.obj
c:\users\andre\source\repos\introtogamefinal\temp\audiodevice.obj
c:\users\andre\source\repos\introtogamefinal\temp\attributecomponent.obj
c:\users\andre\source\repos\introtogamefinal\temp\tinyxml2.obj
c:\users\andre\source\repos\introtogamefinal\temp\roaming.obj
c:\users\andre\source\repos\introtogamefinal\temp\main.obj
c:\users\andre\source\repos\introtogamefinal\temp\jumpplayer.obj
c:\users\andre\source\repos\introtogamefinal\temp\healplayer.obj
c:\users\andre\source\repos\introtogamefinal\temp\faceplayer.obj
c:\users\andre\source\repos\introtogamefinal\temp\enemyvisible.obj
c:\users\andre\source\repos\introtogamefinal\temp\enemymovement.obj
c:\users\andre\source\repos\introtogamefinal\temp\attackplayer.obj
c:\users\andre\source\repos\introtogamefinal\temp\view.obj
c:\users\andre\source\repos\introtogamefinal\temp\timer.obj
c:\users\andre\source\repos\introtogamefinal\temp\texture.obj
c:\users\andre\source\repos\introtogamefinal\temp\task.obj
c:\users\andre\source\repos\introtogamefinal\temp\spritecomponent.obj
c:\users\andre\source\repos\introtogamefinal\temp\sequence.obj
c:\users\andre\source\repos\introtogamefinal\temp\selector.obj
c:\users\andre\source\repos\introtogamefinal\temp\physicsdevice.obj
c:\users\andre\source\repos\introtogamefinal\temp\physicscomponent.obj
c:\users\andre\source\repos\introtogamefinal\temp\objectfactory.obj
c:\users\andre\source\repos\introtogamefinal\temp\textdevice.obj
c:\users\andre\source\repos\introtogamefinal\temp\texttag.obj
c:\users\andre\source\repos\introtogamefinal\temp\playergui.obj
c:\users\andre\source\repos\introtogamefinal\temp\enemygui.obj
c:\users\andre\source\repos\introtogamefinal\temp\rectangle.obj
c:\users\andre\source\repos\introtogamefinal\temp\introtogame.pch
c:\users\andre\source\repos\introtogamefinal\temp\pch.obj
c:\users\andre\source\repos\introtogamefinal\temp\introtogame.ilk
c:\users\andre\source\repos\introtogamefinal\game\introtogame.exe
c:\users\andre\source\repos\introtogamefinal\game\introtogame.pdb
c:\users\andre\source\repos\introtogamefinal\temp\introtogame1.res
c:\users\andre\source\repos\introtogamefinal\temp\fontdevice.obj
c:\users\andre\source\repos\introtogamefinal\temp\engine.obj.enc
c:\users\andre\source\repos\introtogamefinal\temp\physicscomponent.obj.enc
c:\users\andre\source\repos\introtogamefinal\temp\introtogame.tlog\cl.command.1.tlog
c:\users\andre\source\repos\introtogamefinal\temp\introtogame.tlog\cl.read.1.tlog
c:\users\andre\source\repos\introtogamefinal\temp\introtogame.tlog\cl.write.1.tlog
c:\users\andre\source\repos\introtogamefinal\temp\introtogame.tlog\link.command.1.tlog
c:\users\andre\source\repos\introtogamefinal\temp\introtogame.tlog\link.read.1.tlog
c:\users\andre\source\repos\introtogamefinal\temp\introtogame.tlog\link.write.1.tlog
c:\users\andre\source\repos\introtogamefinal\temp\introtogame.tlog\rc.command.1.tlog
c:\users\andre\source\repos\introtogamefinal\temp\introtogame.tlog\rc.read.1.tlog
c:\users\andre\source\repos\introtogamefinal\temp\introtogame.tlog\rc.write.1.tlog
