c:\users\andre\source\repos\introtogame2\.vs\debug\introtogame.pch
c:\users\andre\source\repos\introtogame2\.vs\debug\vc142.pdb
c:\users\andre\source\repos\introtogame2\.vs\debug\vc142.idb
c:\users\andre\source\repos\introtogame2\.vs\debug\pch.obj
c:\users\andre\source\repos\introtogame2\.vs\debug\view.obj
c:\users\andre\source\repos\introtogame2\.vs\debug\tinyxml2.obj
c:\users\andre\source\repos\introtogame2\.vs\debug\timer.obj
c:\users\andre\source\repos\introtogame2\.vs\debug\texture.obj
c:\users\andre\source\repos\introtogame2\.vs\debug\playerobjectfactory.obj
c:\users\andre\source\repos\introtogame2\.vs\debug\player.obj
c:\users\andre\source\repos\introtogame2\.vs\debug\objectfactory.obj
c:\users\andre\source\repos\introtogame2\.vs\debug\object.obj
c:\users\andre\source\repos\introtogame2\.vs\debug\main.obj
c:\users\andre\source\repos\introtogame2\.vs\debug\library.obj
c:\users\andre\source\repos\introtogame2\.vs\debug\inputdevice.obj
c:\users\andre\source\repos\introtogame2\.vs\debug\engine.obj
c:\users\andre\source\repos\introtogame2\.vs\debug\introtogame.exe
c:\users\andre\source\repos\introtogame2\.vs\debug\introtogame.ilk
c:\users\andre\source\repos\introtogame2\.vs\debug\introtogame.pdb
c:\users\andre\source\repos\introtogame2\.vs\debug\introtogame.res
c:\users\andre\source\repos\introtogame2\.vs\debug\introtogame.tlog\cl.command.1.tlog
c:\users\andre\source\repos\introtogame2\.vs\debug\introtogame.tlog\cl.read.1.tlog
c:\users\andre\source\repos\introtogame2\.vs\debug\introtogame.tlog\cl.write.1.tlog
c:\users\andre\source\repos\introtogame2\.vs\debug\introtogame.tlog\link.command.1.tlog
c:\users\andre\source\repos\introtogame2\.vs\debug\introtogame.tlog\link.read.1.tlog
c:\users\andre\source\repos\introtogame2\.vs\debug\introtogame.tlog\link.write.1.tlog
c:\users\andre\source\repos\introtogame2\.vs\debug\introtogame.tlog\rc.command.1.tlog
c:\users\andre\source\repos\introtogame2\.vs\debug\introtogame.tlog\rc.read.1.tlog
c:\users\andre\source\repos\introtogame2\.vs\debug\introtogame.tlog\rc.write.1.tlog
